<?xml version="1.0" encoding="UTF-8"?>
<!-- Generated by org.testng.reporters.JUnitReportReporter -->
<testsuite hostname="ICPL10357" name="com.sonarUser.LoginUser" tests="1" failures="0" timestamp="31 Jan 2018 10:41:15 GMT" time="0.358" errors="0">
  <testcase name="checkUser" time="0.358" classname="com.sonarUser.LoginUser"/>
</testsuite> <!-- com.sonarUser.LoginUser -->
