<?xml version="1.0" encoding="UTF-8"?>
<!-- Generated by org.testng.reporters.JUnitReportReporter -->
<testsuite name="com.qmetry.qaf.automation.step.client.Scenario" tests="1" time="37.832" ignored="0" failures="0" timestamp="11 Dec 2017 11:32:15 GMT" skipped="0" hostname="ICPL10357" errors="0">
  <testcase name="SampleAddition" time="37.832" classname="com.qmetry.qaf.automation.step.client.Scenario"/>
</testsuite> <!-- com.qmetry.qaf.automation.step.client.Scenario -->
