<?xml version="1.0" encoding="UTF-8"?>
<!-- Generated by org.testng.reporters.JUnitReportReporter -->
<testsuite name="com.qmetry.qaf.automation.step.client.DataDrivenScenario" tests="1" time="82.550" ignored="1" failures="0" timestamp="12 Dec 2017 09:44:05 GMT" skipped="0" hostname="ICPL10357" errors="0">
  <testcase name="AddTwoNumbersFromCsvFile" time="82.550" classname="com.qmetry.qaf.automation.step.client.DataDrivenScenario"/>
  <testcase name="AddTwoNumbersFromCsvFile" classname="com.qmetry.qaf.automation.step.client.DataDrivenScenario">
    <skipped/>
  </testcase> <!-- AddTwoNumbersFromCsvFile -->
</testsuite> <!-- com.qmetry.qaf.automation.step.client.DataDrivenScenario -->
