<?xml version="1.0" encoding="UTF-8"?>
<!-- Generated by org.testng.reporters.JUnitReportReporter -->
<testsuite name="com.qmetry.qaf.automation.step.client.DataDrivenScenario" tests="1" time="31.266" ignored="1" failures="0" timestamp="11 Dec 2017 12:48:15 GMT" skipped="0" hostname="ICPL10357" errors="1">
  <testcase name="AddTwoNumbersFromCsvFile" time="31.266" classname="com.qmetry.qaf.automation.step.client.DataDrivenScenario">
    <error type="java.lang.NoSuchMethodError" message="io.appium.java_client.MultiTouchAction.&lt;init&gt;(Lio/appium/java_client/PerformsTouchActions;)V">
      <![CDATA[java.lang.NoSuchMethodError: io.appium.java_client.MultiTouchAction.<init>(Lio/appium/java_client/PerformsTouchActions;)V
	at .And longPress on '720' '1120' for '4000' duration(scenarios/AdditionCSV.bdd:7)
	at com.qmetry.qaf.automation.step.AppiumSteps.longPress(AppiumSteps.java:131)
	at com.qmetry.qaf.automation.step.JavaStep.doExecute(JavaStep.java:160)
	at com.qmetry.qaf.automation.step.BaseTestStep.execute(BaseTestStep.java:149)
	at com.qmetry.qaf.automation.step.StringTestStep.execute(StringTestStep.java:134)
	at com.qmetry.qaf.automation.step.client.Scenario.execute(Scenario.java:167)
	at com.qmetry.qaf.automation.step.client.DataDrivenScenario.scenario(DataDrivenScenario.java:95)
	at org.apache.maven.surefire.testng.TestNGExecutor.run(TestNGExecutor.java:122)
	at org.apache.maven.surefire.testng.TestNGXmlTestSuite.execute(TestNGXmlTestSuite.java:92)
	at org.apache.maven.surefire.testng.TestNGProvider.invoke(TestNGProvider.java:101)
	at org.apache.maven.surefire.util.ReflectionUtils.invokeMethodWithArray(ReflectionUtils.java:164)
	at org.apache.maven.surefire.booter.ProviderFactory$ProviderProxy.invoke(ProviderFactory.java:110)
	at org.apache.maven.surefire.booter.SurefireStarter.invokeProvider(SurefireStarter.java:172)
	at org.apache.maven.surefire.booter.SurefireStarter.runSuitesInProcessWhenForked(SurefireStarter.java:104)
	at org.apache.maven.surefire.booter.ForkedBooter.main(ForkedBooter.java:70)
]]>
    </error>
  </testcase> <!-- AddTwoNumbersFromCsvFile -->
  <testcase name="AddTwoNumbersFromCsvFile" classname="com.qmetry.qaf.automation.step.client.DataDrivenScenario">
    <skipped/>
  </testcase> <!-- AddTwoNumbersFromCsvFile -->
</testsuite> <!-- com.qmetry.qaf.automation.step.client.DataDrivenScenario -->
